#
# There is insufficient memory for the Java Runtime Environment to continue.
# Native memory allocation (malloc) failed to allocate 1521984 bytes for Chunk::new
# Possible reasons:
#   The system is out of physical RAM or swap space
#   In 32 bit mode, the process size limit was hit
# Possible solutions:
#   Reduce memory load on the system
#   Increase physical memory or swap space
#   Check if swap backing store is full
#   Use 64 bit Java on a 64 bit OS
#   Decrease Java heap size (-Xmx/-Xms)
#   Decrease number of Java threads
#   Decrease Java thread stack sizes (-Xss)
#   Set larger code cache with -XX:ReservedCodeCacheSize=
# This output file may be truncated or incomplete.
#
#  Out of Memory Error (allocation.cpp:390), pid=7336, tid=0x0000000000002b3c
#
# JRE version: Java(TM) SE Runtime Environment (8.0_151-b12) (build 1.8.0_151-b12)
# Java VM: Java HotSpot(TM) 64-Bit Server VM (25.151-b12 mixed mode windows-amd64 compressed oops)
# Failed to write core dump. Minidumps are not enabled by default on client versions of Windows
#

---------------  T H R E A D  ---------------

Current thread (0x000000001b4d8000):  JavaThread "C2 CompilerThread1" daemon [_thread_in_native, id=11068, stack(0x000000001bdb0000,0x000000001beb0000)]

Stack: [0x000000001bdb0000,0x000000001beb0000]
[error occurred during error reporting (printing stack bounds), id 0xc0000005]

Native frames: (J=compiled Java code, j=interpreted, Vv=VM code, C=native code)


Current CompileTask:
C2:   3150 2240       4       org.springframework.asm.ClassReader::readCode (3579 bytes)


---------------  P R O C E S S  ---------------

Java Threads: ( => current thread )
  0x000000001c5c3000 JavaThread "ReaderThread" [_thread_in_native, id=16808, stack(0x000000001cab0000,0x000000001cbb0000)]
  0x000000001b573800 JavaThread "Service Thread" daemon [_thread_blocked, id=4908, stack(0x000000001c0b0000,0x000000001c1b0000)]
  0x000000001b4e8000 JavaThread "C1 CompilerThread3" daemon [_thread_in_native, id=16236, stack(0x000000001bfb0000,0x000000001c0b0000)]
  0x000000001b4da000 JavaThread "C2 CompilerThread2" daemon [_thread_in_native, id=16840, stack(0x000000001beb0000,0x000000001bfb0000)]
=>0x000000001b4d8000 JavaThread "C2 CompilerThread1" daemon [_thread_in_native, id=11068, stack(0x000000001bdb0000,0x000000001beb0000)]
  0x000000001b4d4800 JavaThread "C2 CompilerThread0" daemon [_thread_in_native, id=11048, stack(0x000000001bcb0000,0x000000001bdb0000)]
  0x000000001b4d2800 JavaThread "Attach Listener" daemon [_thread_blocked, id=17252, stack(0x000000001bbb0000,0x000000001bcb0000)]
  0x00000000195ee800 JavaThread "Signal Dispatcher" daemon [_thread_blocked, id=6544, stack(0x000000001bab0000,0x000000001bbb0000)]
  0x00000000195e6000 JavaThread "Finalizer" daemon [_thread_blocked, id=3680, stack(0x000000001b8a0000,0x000000001b9a0000)]
  0x00000000195df000 JavaThread "Reference Handler" daemon [_thread_blocked, id=11892, stack(0x000000001b3a0000,0x000000001b4a0000)]
  0x000000000456a000 JavaThread "main" [_thread_in_vm, id=8696, stack(0x0000000004460000,0x0000000004560000)]

Other Threads:
  0x00000000195d6800 VMThread [stack: 0x000000001b2a0000,0x000000001b3a0000] [id=6256]
  0x000000001b5db800 WatcherThread [stack: 0x000000001c1b0000,0x000000001c2b0000] [id=16760]

VM state:not at safepoint (normal execution)

VM Mutex/Monitor currently owned by a thread: None

Heap:
 PSYoungGen      total 38400K, used 24300K [0x00000000d5f00000, 0x00000000d9f00000, 0x0000000100000000)
  eden space 29696K, 74% used [0x00000000d5f00000,0x00000000d74977e0,0x00000000d7c00000)
  from space 8704K, 25% used [0x00000000d7c00000,0x00000000d7e23b98,0x00000000d8480000)
  to   space 9216K, 0% used [0x00000000d9600000,0x00000000d9600000,0x00000000d9f00000)
 ParOldGen       total 56320K, used 7072K [0x0000000081c00000, 0x0000000085300000, 0x00000000d5f00000)
  object space 56320K, 12% used [0x0000000081c00000,0x00000000822e8320,0x0000000085300000)
 Metaspace       used 23306K, capacity 23656K, committed 23808K, reserved 1071104K
  class space    used 2947K, capacity 3039K, committed 3072K, reserved 1048576K

Card table byte_map: [0x0000000013a20000,0x0000000013e20000] byte_map_base: 0x0000000013612000

Marking Bits: (ParMarkBitMap*) 0x000000005b2cd850
 Begin Bits: [0x00000000148d0000, 0x0000000016860000)
 End Bits:   [0x0000000016860000, 0x00000000187f0000)

Polling page: 0x0000000002ad0000

CodeCache: size=245760Kb used=9046Kb max_used=9046Kb free=236714Kb
 bounds [0x0000000004660000, 0x0000000004f40000, 0x0000000013660000]
 total_blobs=2864 nmethods=2492 adapters=284
 compilation: enabled

Compilation events (10 events):
Event: 3.125 Thread 0x000000001b4e8000 2488       3       org.springframework.asm.FieldWriter::put (475 bytes)
Event: 3.126 Thread 0x000000001b4e8000 nmethod 2488 0x0000000004f34c90 code [0x0000000004f35040, 0x0000000004f36478]
Event: 3.131 Thread 0x000000001b4e8000 2489       3       org.springframework.asm.ByteVector::enlarge (51 bytes)
Event: 3.132 Thread 0x000000001b4e8000 nmethod 2489 0x0000000004f36dd0 code [0x0000000004f36f40, 0x0000000004f37268]
Event: 3.132 Thread 0x000000001b4e8000 2491       3       org.springframework.cglib.core.CodeEmitter::load_local (13 bytes)
Event: 3.133 Thread 0x000000001b4e8000 nmethod 2491 0x0000000004f37350 code [0x0000000004f374e0, 0x0000000004f37818]
Event: 3.134 Thread 0x000000001b4e8000 2493       3       org.springframework.cglib.core.ReflectUtils::getSignature (73 bytes)
Event: 3.136 Thread 0x000000001b4e8000 nmethod 2493 0x0000000004f379d0 code [0x0000000004f37c00, 0x0000000004f38738]
Event: 3.137 Thread 0x000000001b4e8000 2494       3       org.springframework.cglib.core.Signature::hashCode (16 bytes)
Event: 3.137 Thread 0x000000001b4e8000 nmethod 2494 0x0000000004f38a50 code [0x0000000004f38bc0, 0x0000000004f38e98]

GC Heap History (10 events):
Event: 2.044 GC heap before
{Heap before GC invocations=4 (full 0):
 PSYoungGen      total 38400K, used 38371K [0x00000000d5f00000, 0x00000000d8980000, 0x0000000100000000)
  eden space 33280K, 99% used [0x00000000d5f00000,0x00000000d7f7f580,0x00000000d7f80000)
  from space 5120K, 99% used [0x00000000d7f80000,0x00000000d8479770,0x00000000d8480000)
  to   space 5120K, 0% used [0x00000000d8480000,0x00000000d8480000,0x00000000d8980000)
 ParOldGen       total 87552K, used 767K [0x0000000081c00000, 0x0000000087180000, 0x00000000d5f00000)
  object space 87552K, 0% used [0x0000000081c00000,0x0000000081cbfed8,0x0000000087180000)
 Metaspace       used 16820K, capacity 17096K, committed 17280K, reserved 1064960K
  class space    used 2103K, capacity 2168K, committed 2176K, reserved 1048576K
Event: 2.051 GC heap after
Heap after GC invocations=4 (full 0):
 PSYoungGen      total 38400K, used 5099K [0x00000000d5f00000, 0x00000000d8980000, 0x0000000100000000)
  eden space 33280K, 0% used [0x00000000d5f00000,0x00000000d5f00000,0x00000000d7f80000)
  from space 5120K, 99% used [0x00000000d8480000,0x00000000d897ae38,0x00000000d8980000)
  to   space 5120K, 0% used [0x00000000d7f80000,0x00000000d7f80000,0x00000000d8480000)
 ParOldGen       total 87552K, used 3071K [0x0000000081c00000, 0x0000000087180000, 0x00000000d5f00000)
  object space 87552K, 3% used [0x0000000081c00000,0x0000000081efff58,0x0000000087180000)
 Metaspace       used 16820K, capacity 17096K, committed 17280K, reserved 1064960K
  class space    used 2103K, capacity 2168K, committed 2176K, reserved 1048576K
}
Event: 2.281 GC heap before
{Heap before GC invocations=5 (full 0):
 PSYoungGen      total 38400K, used 38379K [0x00000000d5f00000, 0x00000000d8980000, 0x0000000100000000)
  eden space 33280K, 100% used [0x00000000d5f00000,0x00000000d7f80000,0x00000000d7f80000)
  from space 5120K, 99% used [0x00000000d8480000,0x00000000d897ae38,0x00000000d8980000)
  to   space 5120K, 0% used [0x00000000d7f80000,0x00000000d7f80000,0x00000000d8480000)
 ParOldGen       total 87552K, used 3071K [0x0000000081c00000, 0x0000000087180000, 0x00000000d5f00000)
  object space 87552K, 3% used [0x0000000081c00000,0x0000000081efff58,0x0000000087180000)
 Metaspace       used 18988K, capacity 19246K, committed 19328K, reserved 1067008K
  class space    used 2386K, capacity 2432K, committed 2432K, reserved 1048576K
Event: 2.291 GC heap after
Heap after GC invocations=5 (full 0):
 PSYoungGen      total 38400K, used 5089K [0x00000000d5f00000, 0x00000000d8980000, 0x0000000100000000)
  eden space 33280K, 0% used [0x00000000d5f00000,0x00000000d5f00000,0x00000000d7f80000)
  from space 5120K, 99% used [0x00000000d7f80000,0x00000000d8478418,0x00000000d8480000)
  to   space 5120K, 0% used [0x00000000d8480000,0x00000000d8480000,0x00000000d8980000)
 ParOldGen       total 87552K, used 5074K [0x0000000081c00000, 0x0000000087180000, 0x00000000d5f00000)
  object space 87552K, 5% used [0x0000000081c00000,0x00000000820f4ab8,0x0000000087180000)
 Metaspace       used 18988K, capacity 19246K, committed 19328K, reserved 1067008K
  class space    used 2386K, capacity 2432K, committed 2432K, reserved 1048576K
}
Event: 2.449 GC heap before
{Heap before GC invocations=6 (full 0):
 PSYoungGen      total 38400K, used 31009K [0x00000000d5f00000, 0x00000000d8980000, 0x0000000100000000)
  eden space 33280K, 77% used [0x00000000d5f00000,0x00000000d7850250,0x00000000d7f80000)
  from space 5120K, 99% used [0x00000000d7f80000,0x00000000d8478418,0x00000000d8480000)
  to   space 5120K, 0% used [0x00000000d8480000,0x00000000d8480000,0x00000000d8980000)
 ParOldGen       total 87552K, used 5074K [0x0000000081c00000, 0x0000000087180000, 0x00000000d5f00000)
  object space 87552K, 5% used [0x0000000081c00000,0x00000000820f4ab8,0x0000000087180000)
 Metaspace       used 20871K, capacity 21196K, committed 21296K, reserved 1069056K
  class space    used 2614K, capacity 2677K, committed 2688K, reserved 1048576K
Event: 2.454 GC heap after
Heap after GC invocations=6 (full 0):
 PSYoungGen      total 34816K, used 5096K [0x00000000d5f00000, 0x00000000db100000, 0x0000000100000000)
  eden space 29696K, 0% used [0x00000000d5f00000,0x00000000d5f00000,0x00000000d7c00000)
  from space 5120K, 99% used [0x00000000d8480000,0x00000000d897a3d8,0x00000000d8980000)
  to   space 8704K, 0% used [0x00000000d7c00000,0x00000000d7c00000,0x00000000d8480000)
 ParOldGen       total 87552K, used 6610K [0x0000000081c00000, 0x0000000087180000, 0x00000000d5f00000)
  object space 87552K, 7% used [0x0000000081c00000,0x0000000082274bc8,0x0000000087180000)
 Metaspace       used 20871K, capacity 21196K, committed 21296K, reserved 1069056K
  class space    used 2614K, capacity 2677K, committed 2688K, reserved 1048576K
}
Event: 2.454 GC heap before
{Heap before GC invocations=7 (full 1):
 PSYoungGen      total 34816K, used 5096K [0x00000000d5f00000, 0x00000000db100000, 0x0000000100000000)
  eden space 29696K, 0% used [0x00000000d5f00000,0x00000000d5f00000,0x00000000d7c00000)
  from space 5120K, 99% used [0x00000000d8480000,0x00000000d897a3d8,0x00000000d8980000)
  to   space 8704K, 0% used [0x00000000d7c00000,0x00000000d7c00000,0x00000000d8480000)
 ParOldGen       total 87552K, used 6610K [0x0000000081c00000, 0x0000000087180000, 0x00000000d5f00000)
  object space 87552K, 7% used [0x0000000081c00000,0x0000000082274bc8,0x0000000087180000)
 Metaspace       used 20871K, capacity 21196K, committed 21296K, reserved 1069056K
  class space    used 2614K, capacity 2677K, committed 2688K, reserved 1048576K
Event: 2.486 GC heap after
Heap after GC invocations=7 (full 1):
 PSYoungGen      total 34816K, used 0K [0x00000000d5f00000, 0x00000000db100000, 0x0000000100000000)
  eden space 29696K, 0% used [0x00000000d5f00000,0x00000000d5f00000,0x00000000d7c00000)
  from space 5120K, 0% used [0x00000000d8480000,0x00000000d8480000,0x00000000d8980000)
  to   space 8704K, 0% used [0x00000000d7c00000,0x00000000d7c00000,0x00000000d8480000)
 ParOldGen       total 56320K, used 7064K [0x0000000081c00000, 0x0000000085300000, 0x00000000d5f00000)
  object space 56320K, 12% used [0x0000000081c00000,0x00000000822e6320,0x0000000085300000)
 Metaspace       used 20871K, capacity 21196K, committed 21296K, reserved 1069056K
  class space    used 2614K, capacity 2677K, committed 2688K, reserved 1048576K
}
Event: 2.701 GC heap before
{Heap before GC invocations=8 (full 1):
 PSYoungGen      total 34816K, used 29696K [0x00000000d5f00000, 0x00000000db100000, 0x0000000100000000)
  eden space 29696K, 100% used [0x00000000d5f00000,0x00000000d7c00000,0x00000000d7c00000)
  from space 5120K, 0% used [0x00000000d8480000,0x00000000d8480000,0x00000000d8980000)
  to   space 8704K, 0% used [0x00000000d7c00000,0x00000000d7c00000,0x00000000d8480000)
 ParOldGen       total 56320K, used 7064K [0x0000000081c00000, 0x0000000085300000, 0x00000000d5f00000)
  object space 56320K, 12% used [0x0000000081c00000,0x00000000822e6320,0x0000000085300000)
 Metaspace       used 21882K, capacity 22224K, committed 22576K, reserved 1069056K
  class space    used 2761K, capacity 2843K, committed 2944K, reserved 1048576K
Event: 2.703 GC heap after
Heap after GC invocations=8 (full 1):
 PSYoungGen      total 38400K, used 2190K [0x00000000d5f00000, 0x00000000d9f00000, 0x0000000100000000)
  eden space 29696K, 0% used [0x00000000d5f00000,0x00000000d5f00000,0x00000000d7c00000)
  from space 8704K, 25% used [0x00000000d7c00000,0x00000000d7e23b98,0x00000000d8480000)
  to   space 9216K, 0% used [0x00000000d9600000,0x00000000d9600000,0x00000000d9f00000)
 ParOldGen       total 56320K, used 7072K [0x0000000081c00000, 0x0000000085300000, 0x00000000d5f00000)
  object space 56320K, 12% used [0x0000000081c00000,0x00000000822e8320,0x0000000085300000)
 Metaspace       used 21882K, capacity 22224K, committed 22576K, reserved 1069056K
  class space    used 2761K, capacity 2843K, committed 2944K, reserved 1048576K
}

Deoptimization events (10 events):
Event: 2.393 Thread 0x000000001d7a1800 Uncommon trap: reason=predicate action=maybe_recompile pc=0x0000000004a34bc4 method=java.lang.String.regionMatches(ZILjava/lang/String;II)Z @ 63
Event: 2.399 Thread 0x000000000456a000 Uncommon trap: reason=bimorphic action=maybe_recompile pc=0x000000000498d734 method=java.util.HashMap.putVal(ILjava/lang/Object;Ljava/lang/Object;ZZ)Ljava/lang/Object; @ 203
Event: 2.399 Thread 0x000000000456a000 Uncommon trap: reason=bimorphic action=maybe_recompile pc=0x000000000498d734 method=java.util.HashMap.putVal(ILjava/lang/Object;Ljava/lang/Object;ZZ)Ljava/lang/Object; @ 203
Event: 2.415 Thread 0x000000000456a000 Uncommon trap: reason=predicate action=maybe_recompile pc=0x0000000004da0378 method=java.util.AbstractCollection.toArray([Ljava/lang/Object;)[Ljava/lang/Object; @ 49
Event: 2.439 Thread 0x000000000456a000 Uncommon trap: reason=array_check action=maybe_recompile pc=0x0000000004db99ac method=java.util.AbstractCollection.toArray([Ljava/lang/Object;)[Ljava/lang/Object; @ 119
Event: 2.439 Thread 0x000000000456a000 Uncommon trap: reason=array_check action=maybe_recompile pc=0x0000000004db99ac method=java.util.AbstractCollection.toArray([Ljava/lang/Object;)[Ljava/lang/Object; @ 119
Event: 2.439 Thread 0x000000000456a000 Uncommon trap: reason=array_check action=maybe_recompile pc=0x0000000004db99ac method=java.util.AbstractCollection.toArray([Ljava/lang/Object;)[Ljava/lang/Object; @ 119
Event: 2.439 Thread 0x000000000456a000 Uncommon trap: reason=array_check action=maybe_recompile pc=0x0000000004db99ac method=java.util.AbstractCollection.toArray([Ljava/lang/Object;)[Ljava/lang/Object; @ 119
Event: 2.600 Thread 0x000000000456a000 Uncommon trap: reason=class_check action=maybe_recompile pc=0x0000000004aa12e0 method=java.util.concurrent.ConcurrentHashMap.putVal(Ljava/lang/Object;Ljava/lang/Object;Z)Ljava/lang/Object; @ 192
Event: 3.064 Thread 0x000000000456a000 Uncommon trap: reason=unstable_if action=reinterpret pc=0x0000000004d1d634 method=java.util.LinkedList.node(I)Ljava/util/LinkedList$Node; @ 49

Internal exceptions (10 events):
Event: 2.382 Thread 0x000000001d7a1800 Exception <a 'java/lang/NoSuchFieldError': method resolution failed> (0x00000000d6ed7098) thrown at [C:\re\workspace\8-2-build-windows-amd64-cygwin\jdk8u151\9699\hotspot\src\share\vm\prims\methodHandles.cpp, line 1146]
Event: 2.391 Thread 0x000000000456a000 Exception <a 'java/io/FileNotFoundException'> (0x00000000d6eb7178) thrown at [C:\re\workspace\8-2-build-windows-amd64-cygwin\jdk8u151\9699\hotspot\src\share\vm\prims\jni.cpp, line 709]
Event: 2.539 Thread 0x000000000456a000 Exception <a 'java/security/PrivilegedActionException'> (0x00000000d6900120) thrown at [C:\re\workspace\8-2-build-windows-amd64-cygwin\jdk8u151\9699\hotspot\src\share\vm\prims\jvm.cpp, line 1390]
Event: 2.539 Thread 0x000000000456a000 Exception <a 'java/security/PrivilegedActionException'> (0x00000000d6900518) thrown at [C:\re\workspace\8-2-build-windows-amd64-cygwin\jdk8u151\9699\hotspot\src\share\vm\prims\jvm.cpp, line 1390]
Event: 2.637 Thread 0x000000000456a000 Exception <a 'java/security/PrivilegedActionException'> (0x00000000d7669620) thrown at [C:\re\workspace\8-2-build-windows-amd64-cygwin\jdk8u151\9699\hotspot\src\share\vm\prims\jvm.cpp, line 1390]
Event: 2.637 Thread 0x000000000456a000 Exception <a 'java/security/PrivilegedActionException'> (0x00000000d7669a18) thrown at [C:\re\workspace\8-2-build-windows-amd64-cygwin\jdk8u151\9699\hotspot\src\share\vm\prims\jvm.cpp, line 1390]
Event: 2.736 Thread 0x000000000456a000 Exception <a 'java/security/PrivilegedActionException'> (0x00000000d626a808) thrown at [C:\re\workspace\8-2-build-windows-amd64-cygwin\jdk8u151\9699\hotspot\src\share\vm\prims\jvm.cpp, line 1390]
Event: 2.736 Thread 0x000000000456a000 Exception <a 'java/security/PrivilegedActionException'> (0x00000000d626ac00) thrown at [C:\re\workspace\8-2-build-windows-amd64-cygwin\jdk8u151\9699\hotspot\src\share\vm\prims\jvm.cpp, line 1390]
Event: 2.791 Thread 0x000000000456a000 Exception <a 'java/security/PrivilegedActionException'> (0x00000000d65993e8) thrown at [C:\re\workspace\8-2-build-windows-amd64-cygwin\jdk8u151\9699\hotspot\src\share\vm\prims\jvm.cpp, line 1390]
Event: 2.791 Thread 0x000000000456a000 Exception <a 'java/security/PrivilegedActionException'> (0x00000000d65997e0) thrown at [C:\re\workspace\8-2-build-windows-amd64-cygwin\jdk8u151\9699\hotspot\src\share\vm\prims\jvm.cpp, line 1390]

Events (10 events):
Event: 3.095 loading class com/rometools/rome/feed$WireFeed
Event: 3.095 loading class com/rometools/rome/feed$WireFeed done
Event: 3.095 loading class com/fasterxml/jackson/dataformat/xml/XmlMapper
Event: 3.095 loading class com/fasterxml/jackson/dataformat/xml/XmlMapper done
Event: 3.096 loading class com/fasterxml/jackson/dataformat/xml$XmlMapper
Event: 3.096 loading class com/fasterxml/jackson/dataformat/xml$XmlMapper done
Event: 3.096 loading class com/google/gson/Gson
Event: 3.096 loading class com/google/gson/Gson done
Event: 3.097 loading class com/google/gson$Gson
Event: 3.097 loading class com/google/gson$Gson done


Dynamic libraries:
0x00007ff63ab90000 - 0x00007ff63abc7000 	C:\Program Files\Java\jre1.8.0_151\bin\javaw.exe
0x00007ffe1e740000 - 0x00007ffe1e920000 	C:\Windows\SYSTEM32\ntdll.dll
0x00007ffe1d8a0000 - 0x00007ffe1d94e000 	C:\Windows\System32\KERNEL32.DLL
0x00007ffe1af30000 - 0x00007ffe1b196000 	C:\Windows\System32\KERNELBASE.dll
0x000000005b880000 - 0x000000005b933000 	C:\Program Files\Bitdefender\Endpoint Security\Signatures\AVC\AVC3_00642_003\avcuf64.dll
0x00007ffe1d950000 - 0x00007ffe1d9f1000 	C:\Windows\System32\ADVAPI32.dll
0x00007ffe1d800000 - 0x00007ffe1d89d000 	C:\Windows\System32\msvcrt.dll
0x00007ffe1e190000 - 0x00007ffe1e1eb000 	C:\Windows\System32\sechost.dll
0x00007ffe1e320000 - 0x00007ffe1e43f000 	C:\Windows\System32\RPCRT4.dll
0x00007ffe1e580000 - 0x00007ffe1e70f000 	C:\Windows\System32\USER32.dll
0x00007ffe1b300000 - 0x00007ffe1b320000 	C:\Windows\System32\win32u.dll
0x00007ffe1d370000 - 0x00007ffe1d398000 	C:\Windows\System32\GDI32.dll
0x00007ffe1ab40000 - 0x00007ffe1acd3000 	C:\Windows\System32\gdi32full.dll
0x00007ffe1bb70000 - 0x00007ffe1bc0b000 	C:\Windows\System32\msvcp_win.dll
0x00007ffe1b200000 - 0x00007ffe1b2f6000 	C:\Windows\System32\ucrtbase.dll
0x00007ffe0bdc0000 - 0x00007ffe0c029000 	C:\Windows\WinSxS\amd64_microsoft.windows.common-controls_6595b64144ccf1df_6.0.16299.192_none_15c8cdae9364c23b\COMCTL32.dll
0x00007ffe1d050000 - 0x00007ffe1d358000 	C:\Windows\System32\combase.dll
0x00007ffe1ace0000 - 0x00007ffe1ad52000 	C:\Windows\System32\bcryptPrimitives.dll
0x00007ffe1e040000 - 0x00007ffe1e06d000 	C:\Windows\System32\IMM32.DLL
0x000000005b350000 - 0x000000005b422000 	C:\Program Files\Java\jre1.8.0_151\bin\msvcr100.dll
0x000000005aab0000 - 0x000000005b34d000 	C:\Program Files\Java\jre1.8.0_151\bin\server\jvm.dll
0x00007ffe1d360000 - 0x00007ffe1d368000 	C:\Windows\System32\PSAPI.DLL
0x00007ffdfe5c0000 - 0x00007ffdfe5c9000 	C:\Windows\SYSTEM32\WSOCK32.dll
0x00007ffe1dfd0000 - 0x00007ffe1e03c000 	C:\Windows\System32\WS2_32.dll
0x00007ffe18ec0000 - 0x00007ffe18ee3000 	C:\Windows\SYSTEM32\WINMM.dll
0x00007ffe0f360000 - 0x00007ffe0f36a000 	C:\Windows\SYSTEM32\VERSION.dll
0x00007ffe18e90000 - 0x00007ffe18eba000 	C:\Windows\SYSTEM32\WINMMBASE.dll
0x00007ffe1b320000 - 0x00007ffe1b36a000 	C:\Windows\System32\cfgmgr32.dll
0x000000005aaa0000 - 0x000000005aaaf000 	C:\Program Files\Java\jre1.8.0_151\bin\verify.dll
0x000000005aa70000 - 0x000000005aa99000 	C:\Program Files\Java\jre1.8.0_151\bin\java.dll
0x000000005aa50000 - 0x000000005aa66000 	C:\Program Files\Java\jre1.8.0_151\bin\zip.dll
0x00007ffe1bc10000 - 0x00007ffe1d046000 	C:\Windows\System32\SHELL32.dll
0x00007ffe1e4c0000 - 0x00007ffe1e566000 	C:\Windows\System32\shcore.dll
0x00007ffe1b420000 - 0x00007ffe1bb67000 	C:\Windows\System32\windows.storage.dll
0x00007ffe1e070000 - 0x00007ffe1e0c1000 	C:\Windows\System32\shlwapi.dll
0x00007ffe1aad0000 - 0x00007ffe1aae1000 	C:\Windows\System32\kernel.appcore.dll
0x00007ffe1aaf0000 - 0x00007ffe1ab3c000 	C:\Windows\System32\powrprof.dll
0x00007ffe1aab0000 - 0x00007ffe1aacb000 	C:\Windows\System32\profapi.dll
0x000000005aa30000 - 0x000000005aa4a000 	C:\Program Files\Java\jre1.8.0_151\bin\net.dll
0x00007ffe1a2c0000 - 0x00007ffe1a326000 	C:\Windows\system32\mswsock.dll
0x000000005aa00000 - 0x000000005aa0d000 	C:\Program Files\Java\jre1.8.0_151\bin\management.dll
0x00007ffe0b9a0000 - 0x00007ffe0b9b6000 	C:\Windows\system32\napinsp.dll
0x00007ffe0b910000 - 0x00007ffe0b92a000 	C:\Windows\system32\pnrpnsp.dll
0x00007ffe18080000 - 0x00007ffe18098000 	C:\Windows\system32\NLAapi.dll
0x00007ffe1a090000 - 0x00007ffe1a146000 	C:\Windows\SYSTEM32\DNSAPI.dll
0x00007ffe1e570000 - 0x00007ffe1e578000 	C:\Windows\System32\NSI.dll
0x00007ffe1a050000 - 0x00007ffe1a089000 	C:\Windows\SYSTEM32\IPHLPAPI.DLL
0x00007ffe0b900000 - 0x00007ffe0b90e000 	C:\Windows\System32\winrnr.dll
0x00007ffe11890000 - 0x00007ffe1189a000 	C:\Windows\System32\rasadhlp.dll
0x00007ffe16df0000 - 0x00007ffe16e60000 	C:\Windows\System32\fwpuclnt.dll
0x00007ffe1a580000 - 0x00007ffe1a5a5000 	C:\Windows\SYSTEM32\bcrypt.dll
0x000000005aa10000 - 0x000000005aa21000 	C:\Program Files\Java\jre1.8.0_151\bin\nio.dll

VM Arguments:
jvm_args: -ea -Dfile.encoding=Cp1252 
java_command: org.eclipse.jdt.internal.junit.runner.RemoteTestRunner -version 3 -port 64118 -testLoaderClass org.eclipse.jdt.internal.junit4.runner.JUnit4TestLoader -loaderpluginname org.eclipse.jdt.junit4.runtime -testNameFile C:\Users\DANIEL~1.COR\AppData\Local\Temp\testNames1016075020942727531.txt
java_class_path (initial): C:\Program Files\Java\jre1.8.0_151\lib\resources.jar;C:\Program Files\Java\jre1.8.0_151\lib\rt.jar;C:\Program Files\Java\jre1.8.0_151\lib\jsse.jar;C:\Program Files\Java\jre1.8.0_151\lib\jce.jar;C:\Program Files\Java\jre1.8.0_151\lib\charsets.jar;C:\Program Files\Java\jre1.8.0_151\lib\jfr.jar;C:\Program Files\Java\jre1.8.0_151\lib\ext\access-bridge-64.jar;C:\Program Files\Java\jre1.8.0_151\lib\ext\cldrdata.jar;C:\Program Files\Java\jre1.8.0_151\lib\ext\dnsns.jar;C:\Program Files\Java\jre1.8.0_151\lib\ext\jaccess.jar;C:\Program Files\Java\jre1.8.0_151\lib\ext\jfxrt.jar;C:\Program Files\Java\jre1.8.0_151\lib\ext\localedata.jar;C:\Program Files\Java\jre1.8.0_151\lib\ext\nashorn.jar;C:\Program Files\Java\jre1.8.0_151\lib\ext\sunec.jar;C:\Program Files\Java\jre1.8.0_151\lib\ext\sunjce_provider.jar;C:\Program Files\Java\jre1.8.0_151\lib\ext\sunmscapi.jar;C:\Program Files\Java\jre1.8.0_151\lib\ext\sunpkcs11.jar;C:\Program Files\Java\jre1.8.0_151\lib\ext\zipfs.jar;C:\Users\daniel.correa\Documents\parqueadero\bin;C:\Users\daniel.correa\.gradle\caches\modules-2\files-2.1\org.springframework.boot\spring-boot-starter-data-jpa\1.5.9.RELEASE\8628320876aa12cc406216523effe954fbd354c0\spring-boot-starter-data-jpa-1.5.9.RELEASE.jar;C:\Users\daniel.correa\.gradle\caches\modules-2\files-2.1\org.springframework.boot\spring-boot-starter-jersey\1.5.9.RELEASE\f7be1e712bee3e06e8b28fed4e7a844a08b9efab\spring-boot-starter-jersey-1.5.9.RELEASE.jar;C:\Users\daniel.correa\.gradle\caches\modules-2\files-2.1\org.springframework.boot\spring-boot-starter-web\1.5.9.RELEASE\bda9733d5e6ba6d1a97deead1738713dc0631b3e\spring-boot-starter-web-1.5.9.RELEASE.jar;C:\Users\daniel.correa\.gradle\caches\modules-2\files-2.1\mysql\mysql-connector-java\5.1.39\4617fe8dc8f1969ec450984b0b9203bc8b7c8ad5\mysql-connector-java-5.1.39.jar;C:\Users\daniel.correa\.gradle\caches\modules-2\files-2.1\org.springframework.boot\spring-boot-starter\1.5.9.RELEASE\6bfb34db2715ee86c6e2337fa145650588b4b1b3\s
Launcher Type: SUN_STANDARD

Environment Variables:
JAVA_HOME=C:\Program Files\Java\jdk1.8.0_151
PATH=C:/Program Files/Java/jre1.8.0_151/bin/server;C:/Program Files/Java/jre1.8.0_151/bin;C:/Program Files/Java/jre1.8.0_151/lib/amd64;C:\Program Files\Docker\Docker\Resources\bin;C:\ProgramData\Oracle\Java\javapath;C:\Program Files (x86)\Intel\iCLS Client\;C:\Program Files\Intel\iCLS Client\;C:\Oracle\product\11.1.0\client_1\bin;C:\Program Files\CollabNet\Subversion Client;C:\Windows\system32;C:\Windows;C:\Windows\System32\Wbem;C:\Windows\System32\WindowsPowerShell\v1.0\;C:\Program Files\TortoiseSVN\bin;C:\Program Files (x86)\Intel\Intel(R) Management Engine Components\DAL;C:\Program Files\Intel\Intel(R) Management Engine Components\DAL;C:\Program Files (x86)\Intel\Intel(R) Management Engine Components\IPT;C:\Program Files\Intel\Intel(R) Management Engine Components\IPT;C:\Program Files (x86)\Brackets\command;C:\Program Files\MySQL\MySQL Utilities 1.6\;C:\Program Files\Git\cmd;C:\Program Files\PuTTY\;C:\Gradle\gradle-4.4.1\bin;C:\apache-maven-3.5.2\bin;C:\Program Files\Git\bin;C:\Program Files\nodejs\;C:\Program Files\Java\jdk1.8.0_151\bin;C:\Users\daniel.correa\AppData\Local\Microsoft\WindowsApps;C:\Users\daniel.correa\AppData\Roaming\npm;C:\Users\daniel.correa\Downloads\sts-bundle\sts-3.9.2.RELEASE;
USERNAME=daniel.correa
OS=Windows_NT
PROCESSOR_IDENTIFIER=Intel64 Family 6 Model 58 Stepping 9, GenuineIntel



---------------  S Y S T E M  ---------------

OS: Windows 10.0 , 64 bit Build 16299 (10.0.16299.15)

CPU:total 8 (initial active 8) (4 cores per cpu, 2 threads per core) family 6 model 58 stepping 9, cmov, cx8, fxsr, mmx, sse, sse2, sse3, ssse3, sse4.1, sse4.2, popcnt, avx, aes, clmul, erms, ht, tsc, tscinvbit, tscinv

Memory: 4k page, physical 8272388k(381264k free), swap 22846080k(13700k free)

vm_info: Java HotSpot(TM) 64-Bit Server VM (25.151-b12) for windows-amd64 JRE (1.8.0_151-b12), built on Sep  5 2017 19:33:46 by "java_re" with MS VC++ 10.0 (VS2010)

time: Fri Jan 19 16:12:33 2018
elapsed time: 3 seconds (0d 0h 0m 3s)

