#
# There is insufficient memory for the Java Runtime Environment to continue.
# Native memory allocation (malloc) failed to allocate 753856 bytes for Chunk::new
# Possible reasons:
#   The system is out of physical RAM or swap space
#   In 32 bit mode, the process size limit was hit
# Possible solutions:
#   Reduce memory load on the system
#   Increase physical memory or swap space
#   Check if swap backing store is full
#   Use 64 bit Java on a 64 bit OS
#   Decrease Java heap size (-Xmx/-Xms)
#   Decrease number of Java threads
#   Decrease Java thread stack sizes (-Xss)
#   Set larger code cache with -XX:ReservedCodeCacheSize=
# This output file may be truncated or incomplete.
#
#  Out of Memory Error (allocation.cpp:390), pid=8408, tid=0x00000000000003f0
#
# JRE version: Java(TM) SE Runtime Environment (8.0_151-b12) (build 1.8.0_151-b12)
# Java VM: Java HotSpot(TM) 64-Bit Server VM (25.151-b12 mixed mode windows-amd64 compressed oops)
# Failed to write core dump. Minidumps are not enabled by default on client versions of Windows
#

---------------  T H R E A D  ---------------

Current thread (0x000000001ba01000):  JavaThread "C2 CompilerThread2" daemon [_thread_in_native, id=1008, stack(0x000000001c3d0000,0x000000001c4d0000)]

Stack: [0x000000001c3d0000,0x000000001c4d0000]
[error occurred during error reporting (printing stack bounds), id 0xc0000005]

Native frames: (J=compiled Java code, j=interpreted, Vv=VM code, C=native code)


Current CompileTask:
C2:   4831 2354   !   4       java.net.URLClassLoader$1::run (63 bytes)


---------------  P R O C E S S  ---------------

Java Threads: ( => current thread )
  0x000000001cc60800 JavaThread "ReaderThread" [_thread_in_native, id=18252, stack(0x000000001cfd0000,0x000000001d0d0000)]
  0x000000001ba86000 JavaThread "Service Thread" daemon [_thread_blocked, id=9880, stack(0x000000001c5d0000,0x000000001c6d0000)]
  0x000000001ba0f000 JavaThread "C1 CompilerThread3" daemon [_thread_blocked, id=1572, stack(0x000000001c4d0000,0x000000001c5d0000)]
=>0x000000001ba01000 JavaThread "C2 CompilerThread2" daemon [_thread_in_native, id=1008, stack(0x000000001c3d0000,0x000000001c4d0000)]
  0x000000001b9ff800 JavaThread "C2 CompilerThread1" daemon [_thread_in_native, id=10420, stack(0x000000001c2d0000,0x000000001c3d0000)]
  0x000000001b9fc000 JavaThread "C2 CompilerThread0" daemon [_thread_in_native, id=1052, stack(0x000000001c1d0000,0x000000001c2d0000)]
  0x000000001b9f3800 JavaThread "Attach Listener" daemon [_thread_blocked, id=12304, stack(0x000000001c0d0000,0x000000001c1d0000)]
  0x000000001b9f2000 JavaThread "Signal Dispatcher" daemon [_thread_blocked, id=14824, stack(0x000000001bfd0000,0x000000001c0d0000)]
  0x000000001b9e0800 JavaThread "Finalizer" daemon [_thread_blocked, id=6716, stack(0x000000001bdc0000,0x000000001bec0000)]
  0x0000000019ad1000 JavaThread "Reference Handler" daemon [_thread_blocked, id=6388, stack(0x000000001b8c0000,0x000000001b9c0000)]
  0x0000000004a5a000 JavaThread "main" [_thread_in_vm, id=9040, stack(0x0000000004950000,0x0000000004a50000)]

Other Threads:
  0x0000000019ac8800 VMThread [stack: 0x000000001b7c0000,0x000000001b8c0000] [id=7108]
  0x000000001bac1800 WatcherThread [stack: 0x000000001c6d0000,0x000000001c7d0000] [id=17964]

VM state:not at safepoint (normal execution)

VM Mutex/Monitor currently owned by a thread: None

Heap:
 PSYoungGen      total 38400K, used 7855K [0x00000000d5f00000, 0x00000000da680000, 0x0000000100000000)
  eden space 33280K, 14% used [0x00000000d5f00000,0x00000000d63ddd70,0x00000000d7f80000)
  from space 5120K, 56% used [0x00000000d7f80000,0x00000000d824dff0,0x00000000d8480000)
  to   space 9216K, 0% used [0x00000000d9d80000,0x00000000d9d80000,0x00000000da680000)
 ParOldGen       total 55296K, used 7508K [0x0000000081c00000, 0x0000000085200000, 0x00000000d5f00000)
  object space 55296K, 13% used [0x0000000081c00000,0x0000000082355380,0x0000000085200000)
 Metaspace       used 22860K, capacity 23222K, committed 23472K, reserved 1069056K
  class space    used 2899K, capacity 3004K, committed 3072K, reserved 1048576K

Card table byte_map: [0x0000000013f10000,0x0000000014310000] byte_map_base: 0x0000000013b02000

Marking Bits: (ParMarkBitMap*) 0x000000005b2cd850
 Begin Bits: [0x0000000014dc0000, 0x0000000016d50000)
 End Bits:   [0x0000000016d50000, 0x0000000018ce0000)

Polling page: 0x00000000009f0000

CodeCache: size=245760Kb used=8670Kb max_used=8681Kb free=237089Kb
 bounds [0x0000000004b50000, 0x00000000053d0000, 0x0000000013b50000]
 total_blobs=2723 nmethods=2352 adapters=283
 compilation: enabled

Compilation events (10 events):
Event: 4.752 Thread 0x000000001ba0f000 2351       3       org.springframework.core.AttributeAccessorSupport::getAttribute (17 bytes)
Event: 4.753 Thread 0x000000001ba0f000 nmethod 2351 0x00000000053c9e90 code [0x00000000053ca020, 0x00000000053ca398]
Event: 4.753 Thread 0x000000001ba0f000 2350       1       org.springframework.beans.BeanMetadataAttribute::getValue (5 bytes)
Event: 4.753 Thread 0x000000001ba0f000 nmethod 2350 0x00000000053ca510 code [0x00000000053ca660, 0x00000000053ca770]
Event: 4.757 Thread 0x000000001ba01000 2352  s    4       java.lang.StringBuffer::toString (36 bytes)
Event: 4.759 Thread 0x000000001b9fc000 2353       4       java.net.URLClassLoader$1::run (5 bytes)
Event: 4.762 Thread 0x000000001ba01000 nmethod 2352 0x00000000053cd950 code [0x00000000053cdaa0, 0x00000000053ce038]
Event: 4.762 Thread 0x000000001ba01000 2354   !   4       java.net.URLClassLoader$1::run (63 bytes)
Event: 4.827 Thread 0x000000001ba0f000 2357       3       org.springframework.asm.Label::<init> (5 bytes)
Event: 4.827 Thread 0x000000001ba0f000 nmethod 2357 0x00000000053cd350 code [0x00000000053cd4a0, 0x00000000053cd650]

GC Heap History (10 events):
Event: 3.885 GC heap before
{Heap before GC invocations=4 (full 0):
 PSYoungGen      total 38400K, used 38398K [0x00000000d5f00000, 0x00000000d8980000, 0x0000000100000000)
  eden space 33280K, 100% used [0x00000000d5f00000,0x00000000d7f80000,0x00000000d7f80000)
  from space 5120K, 99% used [0x00000000d7f80000,0x00000000d847f8b0,0x00000000d8480000)
  to   space 5120K, 0% used [0x00000000d8480000,0x00000000d8480000,0x00000000d8980000)
 ParOldGen       total 87552K, used 771K [0x0000000081c00000, 0x0000000087180000, 0x00000000d5f00000)
  object space 87552K, 0% used [0x0000000081c00000,0x0000000081cc0c08,0x0000000087180000)
 Metaspace       used 16666K, capacity 16866K, committed 17024K, reserved 1064960K
  class space    used 2091K, capacity 2151K, committed 2176K, reserved 1048576K
Event: 3.892 GC heap after
Heap after GC invocations=4 (full 0):
 PSYoungGen      total 38400K, used 5093K [0x00000000d5f00000, 0x00000000d8980000, 0x0000000100000000)
  eden space 33280K, 0% used [0x00000000d5f00000,0x00000000d5f00000,0x00000000d7f80000)
  from space 5120K, 99% used [0x00000000d8480000,0x00000000d8979520,0x00000000d8980000)
  to   space 5120K, 0% used [0x00000000d7f80000,0x00000000d7f80000,0x00000000d8480000)
 ParOldGen       total 87552K, used 2940K [0x0000000081c00000, 0x0000000087180000, 0x00000000d5f00000)
  object space 87552K, 3% used [0x0000000081c00000,0x0000000081edf140,0x0000000087180000)
 Metaspace       used 16666K, capacity 16866K, committed 17024K, reserved 1064960K
  class space    used 2091K, capacity 2151K, committed 2176K, reserved 1048576K
}
Event: 4.132 GC heap before
{Heap before GC invocations=5 (full 0):
 PSYoungGen      total 38400K, used 38373K [0x00000000d5f00000, 0x00000000d8980000, 0x0000000100000000)
  eden space 33280K, 100% used [0x00000000d5f00000,0x00000000d7f80000,0x00000000d7f80000)
  from space 5120K, 99% used [0x00000000d8480000,0x00000000d8979520,0x00000000d8980000)
  to   space 5120K, 0% used [0x00000000d7f80000,0x00000000d7f80000,0x00000000d8480000)
 ParOldGen       total 87552K, used 2940K [0x0000000081c00000, 0x0000000087180000, 0x00000000d5f00000)
  object space 87552K, 3% used [0x0000000081c00000,0x0000000081edf140,0x0000000087180000)
 Metaspace       used 18674K, capacity 18892K, committed 19072K, reserved 1067008K
  class space    used 2338K, capacity 2398K, committed 2432K, reserved 1048576K
Event: 4.137 GC heap after
Heap after GC invocations=5 (full 0):
 PSYoungGen      total 38400K, used 5117K [0x00000000d5f00000, 0x00000000d8980000, 0x0000000100000000)
  eden space 33280K, 0% used [0x00000000d5f00000,0x00000000d5f00000,0x00000000d7f80000)
  from space 5120K, 99% used [0x00000000d7f80000,0x00000000d847f778,0x00000000d8480000)
  to   space 5120K, 0% used [0x00000000d8480000,0x00000000d8480000,0x00000000d8980000)
 ParOldGen       total 87552K, used 4607K [0x0000000081c00000, 0x0000000087180000, 0x00000000d5f00000)
  object space 87552K, 5% used [0x0000000081c00000,0x000000008207fef0,0x0000000087180000)
 Metaspace       used 18674K, capacity 18892K, committed 19072K, reserved 1067008K
  class space    used 2338K, capacity 2398K, committed 2432K, reserved 1048576K
}
Event: 4.327 GC heap before
{Heap before GC invocations=6 (full 0):
 PSYoungGen      total 38400K, used 37413K [0x00000000d5f00000, 0x00000000d8980000, 0x0000000100000000)
  eden space 33280K, 97% used [0x00000000d5f00000,0x00000000d7e89ce8,0x00000000d7f80000)
  from space 5120K, 99% used [0x00000000d7f80000,0x00000000d847f778,0x00000000d8480000)
  to   space 5120K, 0% used [0x00000000d8480000,0x00000000d8480000,0x00000000d8980000)
 ParOldGen       total 87552K, used 4607K [0x0000000081c00000, 0x0000000087180000, 0x00000000d5f00000)
  object space 87552K, 5% used [0x0000000081c00000,0x000000008207fef0,0x0000000087180000)
 Metaspace       used 20868K, capacity 21202K, committed 21296K, reserved 1069056K
  class space    used 2610K, capacity 2678K, committed 2688K, reserved 1048576K
Event: 4.333 GC heap after
Heap after GC invocations=6 (full 0):
 PSYoungGen      total 38400K, used 5089K [0x00000000d5f00000, 0x00000000d8980000, 0x0000000100000000)
  eden space 33280K, 0% used [0x00000000d5f00000,0x00000000d5f00000,0x00000000d7f80000)
  from space 5120K, 99% used [0x00000000d8480000,0x00000000d8978438,0x00000000d8980000)
  to   space 5120K, 0% used [0x00000000d7f80000,0x00000000d7f80000,0x00000000d8480000)
 ParOldGen       total 87552K, used 6701K [0x0000000081c00000, 0x0000000087180000, 0x00000000d5f00000)
  object space 87552K, 7% used [0x0000000081c00000,0x000000008228b418,0x0000000087180000)
 Metaspace       used 20868K, capacity 21202K, committed 21296K, reserved 1069056K
  class space    used 2610K, capacity 2678K, committed 2688K, reserved 1048576K
}
Event: 4.333 GC heap before
{Heap before GC invocations=7 (full 1):
 PSYoungGen      total 38400K, used 5089K [0x00000000d5f00000, 0x00000000d8980000, 0x0000000100000000)
  eden space 33280K, 0% used [0x00000000d5f00000,0x00000000d5f00000,0x00000000d7f80000)
  from space 5120K, 99% used [0x00000000d8480000,0x00000000d8978438,0x00000000d8980000)
  to   space 5120K, 0% used [0x00000000d7f80000,0x00000000d7f80000,0x00000000d8480000)
 ParOldGen       total 87552K, used 6701K [0x0000000081c00000, 0x0000000087180000, 0x00000000d5f00000)
  object space 87552K, 7% used [0x0000000081c00000,0x000000008228b418,0x0000000087180000)
 Metaspace       used 20868K, capacity 21202K, committed 21296K, reserved 1069056K
  class space    used 2610K, capacity 2678K, committed 2688K, reserved 1048576K
Event: 4.369 GC heap after
Heap after GC invocations=7 (full 1):
 PSYoungGen      total 38400K, used 0K [0x00000000d5f00000, 0x00000000d8980000, 0x0000000100000000)
  eden space 33280K, 0% used [0x00000000d5f00000,0x00000000d5f00000,0x00000000d7f80000)
  from space 5120K, 0% used [0x00000000d8480000,0x00000000d8480000,0x00000000d8980000)
  to   space 5120K, 0% used [0x00000000d7f80000,0x00000000d7f80000,0x00000000d8480000)
 ParOldGen       total 55296K, used 7500K [0x0000000081c00000, 0x0000000085200000, 0x00000000d5f00000)
  object space 55296K, 13% used [0x0000000081c00000,0x0000000082353380,0x0000000085200000)
 Metaspace       used 20868K, capacity 21202K, committed 21296K, reserved 1069056K
  class space    used 2610K, capacity 2678K, committed 2688K, reserved 1048576K
}
Event: 4.726 GC heap before
{Heap before GC invocations=8 (full 1):
 PSYoungGen      total 38400K, used 33280K [0x00000000d5f00000, 0x00000000d8980000, 0x0000000100000000)
  eden space 33280K, 100% used [0x00000000d5f00000,0x00000000d7f80000,0x00000000d7f80000)
  from space 5120K, 0% used [0x00000000d8480000,0x00000000d8480000,0x00000000d8980000)
  to   space 5120K, 0% used [0x00000000d7f80000,0x00000000d7f80000,0x00000000d8480000)
 ParOldGen       total 55296K, used 7500K [0x0000000081c00000, 0x0000000085200000, 0x00000000d5f00000)
  object space 55296K, 13% used [0x0000000081c00000,0x0000000082353380,0x0000000085200000)
 Metaspace       used 22390K, capacity 22742K, committed 22832K, reserved 1069056K
  class space    used 2830K, capacity 2908K, committed 2944K, reserved 1048576K
Event: 4.729 GC heap after
Heap after GC invocations=8 (full 1):
 PSYoungGen      total 38400K, used 2871K [0x00000000d5f00000, 0x00000000da680000, 0x0000000100000000)
  eden space 33280K, 0% used [0x00000000d5f00000,0x00000000d5f00000,0x00000000d7f80000)
  from space 5120K, 56% used [0x00000000d7f80000,0x00000000d824dff0,0x00000000d8480000)
  to   space 9216K, 0% used [0x00000000d9d80000,0x00000000d9d80000,0x00000000da680000)
 ParOldGen       total 55296K, used 7508K [0x0000000081c00000, 0x0000000085200000, 0x00000000d5f00000)
  object space 55296K, 13% used [0x0000000081c00000,0x0000000082355380,0x0000000085200000)
 Metaspace       used 22390K, capacity 22742K, committed 22832K, reserved 1069056K
  class space    used 2830K, capacity 2908K, committed 2944K, reserved 1048576K
}

Deoptimization events (10 events):
Event: 4.211 Thread 0x0000000004a5a000 Uncommon trap: reason=bimorphic action=maybe_recompile pc=0x0000000004e1afe8 method=java.util.HashMap.putVal(ILjava/lang/Object;Ljava/lang/Object;ZZ)Ljava/lang/Object; @ 203
Event: 4.212 Thread 0x0000000004a5a000 Uncommon trap: reason=bimorphic action=maybe_recompile pc=0x0000000004e1afe8 method=java.util.HashMap.putVal(ILjava/lang/Object;Ljava/lang/Object;ZZ)Ljava/lang/Object; @ 203
Event: 4.230 Thread 0x0000000004a5a000 Uncommon trap: reason=predicate action=maybe_recompile pc=0x000000000525a038 method=java.util.AbstractCollection.toArray([Ljava/lang/Object;)[Ljava/lang/Object; @ 49
Event: 4.258 Thread 0x0000000004a5a000 Uncommon trap: reason=array_check action=maybe_recompile pc=0x000000000528846c method=java.util.AbstractCollection.toArray([Ljava/lang/Object;)[Ljava/lang/Object; @ 119
Event: 4.258 Thread 0x0000000004a5a000 Uncommon trap: reason=array_check action=maybe_recompile pc=0x000000000528846c method=java.util.AbstractCollection.toArray([Ljava/lang/Object;)[Ljava/lang/Object; @ 119
Event: 4.258 Thread 0x0000000004a5a000 Uncommon trap: reason=array_check action=maybe_recompile pc=0x000000000528846c method=java.util.AbstractCollection.toArray([Ljava/lang/Object;)[Ljava/lang/Object; @ 119
Event: 4.258 Thread 0x0000000004a5a000 Uncommon trap: reason=array_check action=maybe_recompile pc=0x000000000528846c method=java.util.AbstractCollection.toArray([Ljava/lang/Object;)[Ljava/lang/Object; @ 119
Event: 4.291 Thread 0x000000001da3d800 Uncommon trap: reason=predicate action=maybe_recompile pc=0x0000000004f16604 method=java.lang.String.regionMatches(ZILjava/lang/String;II)Z @ 63
Event: 4.323 Thread 0x000000001da3d800 Uncommon trap: reason=unstable_if action=reinterpret pc=0x0000000004e31c70 method=java.util.HashMap.hash(Ljava/lang/Object;)I @ 1
Event: 4.479 Thread 0x0000000004a5a000 Uncommon trap: reason=class_check action=maybe_recompile pc=0x0000000004f83620 method=java.util.concurrent.ConcurrentHashMap.putVal(Ljava/lang/Object;Ljava/lang/Object;Z)Ljava/lang/Object; @ 192

Internal exceptions (10 events):
Event: 4.277 Thread 0x000000001da3d800 Exception <a 'java/lang/NoSuchFieldError': method resolution failed> (0x00000000d77f43c0) thrown at [C:\re\workspace\8-2-build-windows-amd64-cygwin\jdk8u151\9699\hotspot\src\share\vm\prims\methodHandles.cpp, line 1146]
Event: 4.323 Thread 0x000000001da3d800 Implicit null exception at 0x0000000004e31bd8 to 0x0000000004e31c66
Event: 4.399 Thread 0x0000000004a5a000 Exception <a 'java/security/PrivilegedActionException'> (0x00000000d6336fb0) thrown at [C:\re\workspace\8-2-build-windows-amd64-cygwin\jdk8u151\9699\hotspot\src\share\vm\prims\jvm.cpp, line 1390]
Event: 4.399 Thread 0x0000000004a5a000 Exception <a 'java/security/PrivilegedActionException'> (0x00000000d63373a8) thrown at [C:\re\workspace\8-2-build-windows-amd64-cygwin\jdk8u151\9699\hotspot\src\share\vm\prims\jvm.cpp, line 1390]
Event: 4.523 Thread 0x0000000004a5a000 Exception <a 'java/security/PrivilegedActionException'> (0x00000000d70a8038) thrown at [C:\re\workspace\8-2-build-windows-amd64-cygwin\jdk8u151\9699\hotspot\src\share\vm\prims\jvm.cpp, line 1390]
Event: 4.523 Thread 0x0000000004a5a000 Exception <a 'java/security/PrivilegedActionException'> (0x00000000d70a8430) thrown at [C:\re\workspace\8-2-build-windows-amd64-cygwin\jdk8u151\9699\hotspot\src\share\vm\prims\jvm.cpp, line 1390]
Event: 4.634 Thread 0x0000000004a5a000 Exception <a 'java/security/PrivilegedActionException'> (0x00000000d79a5180) thrown at [C:\re\workspace\8-2-build-windows-amd64-cygwin\jdk8u151\9699\hotspot\src\share\vm\prims\jvm.cpp, line 1390]
Event: 4.635 Thread 0x0000000004a5a000 Exception <a 'java/security/PrivilegedActionException'> (0x00000000d79a5578) thrown at [C:\re\workspace\8-2-build-windows-amd64-cygwin\jdk8u151\9699\hotspot\src\share\vm\prims\jvm.cpp, line 1390]
Event: 4.690 Thread 0x0000000004a5a000 Exception <a 'java/security/PrivilegedActionException'> (0x00000000d7ccfa00) thrown at [C:\re\workspace\8-2-build-windows-amd64-cygwin\jdk8u151\9699\hotspot\src\share\vm\prims\jvm.cpp, line 1390]
Event: 4.690 Thread 0x0000000004a5a000 Exception <a 'java/security/PrivilegedActionException'> (0x00000000d7ccfdf8) thrown at [C:\re\workspace\8-2-build-windows-amd64-cygwin\jdk8u151\9699\hotspot\src\share\vm\prims\jvm.cpp, line 1390]

Events (10 events):
Event: 4.822 loading class org/springframework/cglib/core/LocalVariablesSorter$State
Event: 4.822 loading class org/springframework/cglib/core/LocalVariablesSorter$State done
Event: 4.824 loading class org/springframework/cglib/core/ClassEmitter$FieldInfo
Event: 4.824 loading class org/springframework/cglib/core/ClassEmitter$FieldInfo done
Event: 4.826 loading class org/springframework/asm/Edge
Event: 4.826 loading class org/springframework/asm/Edge done
Event: 4.827 loading class org/springframework/cglib/core/EmitUtils$7
Event: 4.827 loading class org/springframework/cglib/core/EmitUtils$7 done
Event: 4.827 loading class org/springframework/cglib/core/Local
Event: 4.827 loading class org/springframework/cglib/core/Local done


Dynamic libraries:
0x00007ff63ab90000 - 0x00007ff63abc7000 	C:\Program Files\Java\jre1.8.0_151\bin\javaw.exe
0x00007ffe1e740000 - 0x00007ffe1e920000 	C:\Windows\SYSTEM32\ntdll.dll
0x00007ffe1d8a0000 - 0x00007ffe1d94e000 	C:\Windows\System32\KERNEL32.DLL
0x00007ffe1af30000 - 0x00007ffe1b196000 	C:\Windows\System32\KERNELBASE.dll
0x000000005b880000 - 0x000000005b933000 	C:\Program Files\Bitdefender\Endpoint Security\Signatures\AVC\AVC3_00642_003\avcuf64.dll
0x00007ffe1d950000 - 0x00007ffe1d9f1000 	C:\Windows\System32\ADVAPI32.dll
0x00007ffe1d800000 - 0x00007ffe1d89d000 	C:\Windows\System32\msvcrt.dll
0x00007ffe1e190000 - 0x00007ffe1e1eb000 	C:\Windows\System32\sechost.dll
0x00007ffe1e320000 - 0x00007ffe1e43f000 	C:\Windows\System32\RPCRT4.dll
0x00007ffe1e580000 - 0x00007ffe1e70f000 	C:\Windows\System32\USER32.dll
0x00007ffe1b300000 - 0x00007ffe1b320000 	C:\Windows\System32\win32u.dll
0x00007ffe1d370000 - 0x00007ffe1d398000 	C:\Windows\System32\GDI32.dll
0x00007ffe1ab40000 - 0x00007ffe1acd3000 	C:\Windows\System32\gdi32full.dll
0x00007ffe1bb70000 - 0x00007ffe1bc0b000 	C:\Windows\System32\msvcp_win.dll
0x00007ffe1b200000 - 0x00007ffe1b2f6000 	C:\Windows\System32\ucrtbase.dll
0x00007ffe0bdc0000 - 0x00007ffe0c029000 	C:\Windows\WinSxS\amd64_microsoft.windows.common-controls_6595b64144ccf1df_6.0.16299.192_none_15c8cdae9364c23b\COMCTL32.dll
0x00007ffe1d050000 - 0x00007ffe1d358000 	C:\Windows\System32\combase.dll
0x00007ffe1ace0000 - 0x00007ffe1ad52000 	C:\Windows\System32\bcryptPrimitives.dll
0x00007ffe1e040000 - 0x00007ffe1e06d000 	C:\Windows\System32\IMM32.DLL
0x000000005b350000 - 0x000000005b422000 	C:\Program Files\Java\jre1.8.0_151\bin\msvcr100.dll
0x000000005aab0000 - 0x000000005b34d000 	C:\Program Files\Java\jre1.8.0_151\bin\server\jvm.dll
0x00007ffe1d360000 - 0x00007ffe1d368000 	C:\Windows\System32\PSAPI.DLL
0x00007ffdfe5c0000 - 0x00007ffdfe5c9000 	C:\Windows\SYSTEM32\WSOCK32.dll
0x00007ffe1dfd0000 - 0x00007ffe1e03c000 	C:\Windows\System32\WS2_32.dll
0x00007ffe18ec0000 - 0x00007ffe18ee3000 	C:\Windows\SYSTEM32\WINMM.dll
0x00007ffe0f360000 - 0x00007ffe0f36a000 	C:\Windows\SYSTEM32\VERSION.dll
0x00007ffe18e90000 - 0x00007ffe18eba000 	C:\Windows\SYSTEM32\WINMMBASE.dll
0x00007ffe1b320000 - 0x00007ffe1b36a000 	C:\Windows\System32\cfgmgr32.dll
0x000000005aaa0000 - 0x000000005aaaf000 	C:\Program Files\Java\jre1.8.0_151\bin\verify.dll
0x000000005aa70000 - 0x000000005aa99000 	C:\Program Files\Java\jre1.8.0_151\bin\java.dll
0x000000005aa50000 - 0x000000005aa66000 	C:\Program Files\Java\jre1.8.0_151\bin\zip.dll
0x00007ffe1bc10000 - 0x00007ffe1d046000 	C:\Windows\System32\SHELL32.dll
0x00007ffe1e4c0000 - 0x00007ffe1e566000 	C:\Windows\System32\shcore.dll
0x00007ffe1b420000 - 0x00007ffe1bb67000 	C:\Windows\System32\windows.storage.dll
0x00007ffe1e070000 - 0x00007ffe1e0c1000 	C:\Windows\System32\shlwapi.dll
0x00007ffe1aad0000 - 0x00007ffe1aae1000 	C:\Windows\System32\kernel.appcore.dll
0x00007ffe1aaf0000 - 0x00007ffe1ab3c000 	C:\Windows\System32\powrprof.dll
0x00007ffe1aab0000 - 0x00007ffe1aacb000 	C:\Windows\System32\profapi.dll
0x000000005aa30000 - 0x000000005aa4a000 	C:\Program Files\Java\jre1.8.0_151\bin\net.dll
0x00007ffe1a2c0000 - 0x00007ffe1a326000 	C:\Windows\system32\mswsock.dll
0x000000005aa00000 - 0x000000005aa0d000 	C:\Program Files\Java\jre1.8.0_151\bin\management.dll
0x00007ffe0b9a0000 - 0x00007ffe0b9b6000 	C:\Windows\system32\napinsp.dll
0x00007ffe0b910000 - 0x00007ffe0b92a000 	C:\Windows\system32\pnrpnsp.dll
0x00007ffe18080000 - 0x00007ffe18098000 	C:\Windows\system32\NLAapi.dll
0x00007ffe1a090000 - 0x00007ffe1a146000 	C:\Windows\SYSTEM32\DNSAPI.dll
0x00007ffe1e570000 - 0x00007ffe1e578000 	C:\Windows\System32\NSI.dll
0x00007ffe1a050000 - 0x00007ffe1a089000 	C:\Windows\SYSTEM32\IPHLPAPI.DLL
0x00007ffe0b900000 - 0x00007ffe0b90e000 	C:\Windows\System32\winrnr.dll
0x00007ffe11890000 - 0x00007ffe1189a000 	C:\Windows\System32\rasadhlp.dll
0x00007ffe16df0000 - 0x00007ffe16e60000 	C:\Windows\System32\fwpuclnt.dll
0x00007ffe1a580000 - 0x00007ffe1a5a5000 	C:\Windows\SYSTEM32\bcrypt.dll
0x000000005aa10000 - 0x000000005aa21000 	C:\Program Files\Java\jre1.8.0_151\bin\nio.dll

VM Arguments:
jvm_args: -ea -Dfile.encoding=Cp1252 
java_command: org.eclipse.jdt.internal.junit.runner.RemoteTestRunner -version 3 -port 64078 -testLoaderClass org.eclipse.jdt.internal.junit4.runner.JUnit4TestLoader -loaderpluginname org.eclipse.jdt.junit4.runtime -testNameFile C:\Users\DANIEL~1.COR\AppData\Local\Temp\testNames3679541350438464022.txt
java_class_path (initial): C:\Program Files\Java\jre1.8.0_151\lib\resources.jar;C:\Program Files\Java\jre1.8.0_151\lib\rt.jar;C:\Program Files\Java\jre1.8.0_151\lib\jsse.jar;C:\Program Files\Java\jre1.8.0_151\lib\jce.jar;C:\Program Files\Java\jre1.8.0_151\lib\charsets.jar;C:\Program Files\Java\jre1.8.0_151\lib\jfr.jar;C:\Program Files\Java\jre1.8.0_151\lib\ext\access-bridge-64.jar;C:\Program Files\Java\jre1.8.0_151\lib\ext\cldrdata.jar;C:\Program Files\Java\jre1.8.0_151\lib\ext\dnsns.jar;C:\Program Files\Java\jre1.8.0_151\lib\ext\jaccess.jar;C:\Program Files\Java\jre1.8.0_151\lib\ext\jfxrt.jar;C:\Program Files\Java\jre1.8.0_151\lib\ext\localedata.jar;C:\Program Files\Java\jre1.8.0_151\lib\ext\nashorn.jar;C:\Program Files\Java\jre1.8.0_151\lib\ext\sunec.jar;C:\Program Files\Java\jre1.8.0_151\lib\ext\sunjce_provider.jar;C:\Program Files\Java\jre1.8.0_151\lib\ext\sunmscapi.jar;C:\Program Files\Java\jre1.8.0_151\lib\ext\sunpkcs11.jar;C:\Program Files\Java\jre1.8.0_151\lib\ext\zipfs.jar;C:\Users\daniel.correa\Documents\parqueadero\bin;C:\Users\daniel.correa\.gradle\caches\modules-2\files-2.1\org.springframework.boot\spring-boot-starter-data-jpa\1.5.9.RELEASE\8628320876aa12cc406216523effe954fbd354c0\spring-boot-starter-data-jpa-1.5.9.RELEASE.jar;C:\Users\daniel.correa\.gradle\caches\modules-2\files-2.1\org.springframework.boot\spring-boot-starter-jersey\1.5.9.RELEASE\f7be1e712bee3e06e8b28fed4e7a844a08b9efab\spring-boot-starter-jersey-1.5.9.RELEASE.jar;C:\Users\daniel.correa\.gradle\caches\modules-2\files-2.1\org.springframework.boot\spring-boot-starter-web\1.5.9.RELEASE\bda9733d5e6ba6d1a97deead1738713dc0631b3e\spring-boot-starter-web-1.5.9.RELEASE.jar;C:\Users\daniel.correa\.gradle\caches\modules-2\files-2.1\mysql\mysql-connector-java\5.1.39\4617fe8dc8f1969ec450984b0b9203bc8b7c8ad5\mysql-connector-java-5.1.39.jar;C:\Users\daniel.correa\.gradle\caches\modules-2\files-2.1\org.springframework.boot\spring-boot-starter\1.5.9.RELEASE\6bfb34db2715ee86c6e2337fa145650588b4b1b3\s
Launcher Type: SUN_STANDARD

Environment Variables:
JAVA_HOME=C:\Program Files\Java\jdk1.8.0_151
PATH=C:/Program Files/Java/jre1.8.0_151/bin/server;C:/Program Files/Java/jre1.8.0_151/bin;C:/Program Files/Java/jre1.8.0_151/lib/amd64;C:\Program Files\Docker\Docker\Resources\bin;C:\ProgramData\Oracle\Java\javapath;C:\Program Files (x86)\Intel\iCLS Client\;C:\Program Files\Intel\iCLS Client\;C:\Oracle\product\11.1.0\client_1\bin;C:\Program Files\CollabNet\Subversion Client;C:\Windows\system32;C:\Windows;C:\Windows\System32\Wbem;C:\Windows\System32\WindowsPowerShell\v1.0\;C:\Program Files\TortoiseSVN\bin;C:\Program Files (x86)\Intel\Intel(R) Management Engine Components\DAL;C:\Program Files\Intel\Intel(R) Management Engine Components\DAL;C:\Program Files (x86)\Intel\Intel(R) Management Engine Components\IPT;C:\Program Files\Intel\Intel(R) Management Engine Components\IPT;C:\Program Files (x86)\Brackets\command;C:\Program Files\MySQL\MySQL Utilities 1.6\;C:\Program Files\Git\cmd;C:\Program Files\PuTTY\;C:\Gradle\gradle-4.4.1\bin;C:\apache-maven-3.5.2\bin;C:\Program Files\Git\bin;C:\Program Files\nodejs\;C:\Program Files\Java\jdk1.8.0_151\bin;C:\Users\daniel.correa\AppData\Local\Microsoft\WindowsApps;C:\Users\daniel.correa\AppData\Roaming\npm;C:\Users\daniel.correa\Downloads\sts-bundle\sts-3.9.2.RELEASE;
USERNAME=daniel.correa
OS=Windows_NT
PROCESSOR_IDENTIFIER=Intel64 Family 6 Model 58 Stepping 9, GenuineIntel



---------------  S Y S T E M  ---------------

OS: Windows 10.0 , 64 bit Build 16299 (10.0.16299.15)

CPU:total 8 (initial active 8) (4 cores per cpu, 2 threads per core) family 6 model 58 stepping 9, cmov, cx8, fxsr, mmx, sse, sse2, sse3, ssse3, sse4.1, sse4.2, popcnt, avx, aes, clmul, erms, ht, tsc, tscinvbit, tscinv

Memory: 4k page, physical 8272388k(457264k free), swap 22846080k(356k free)

vm_info: Java HotSpot(TM) 64-Bit Server VM (25.151-b12) for windows-amd64 JRE (1.8.0_151-b12), built on Sep  5 2017 19:33:46 by "java_re" with MS VC++ 10.0 (VS2010)

time: Fri Jan 19 16:12:11 2018
elapsed time: 4 seconds (0d 0h 0m 4s)

